<?xml version="1.0" encoding="UTF-8"?>
<!-- Generated by org.testng.reporters.JUnitReportReporter -->
<testsuite hostname="LAPTOP-7JQDIVD0" failures="0" tests="1" name="ictakLT.TestLogin" time="0.330" errors="0" timestamp="2024-02-09T02:58:56 IST" skipped="0">
  <testcase classname="ictakLT.TestLogin" name="ValidTestcase" time="0.330"/>
  <system-out/>
</testsuite> <!-- ictakLT.TestLogin -->
